<?xml version="1.0" encoding="UTF-8"?>
<!-- Generated by org.testng.reporters.JUnitReportReporter -->
<testsuite hostname="LAPTOP-6UUEN5B4" failures="0" tests="1" name="testScript.TC_001HP" time="16.833" errors="0" timestamp="2023-05-05T09:08:25 IST" skipped="0">
  <testcase classname="testScript.TC_001HP" name="multiTask" time="16.833"/>
  <system-out>
    <![CDATA[Email ID  saved in Excel is: manjunathmunikrishnappa@outlook.com]]>
  </system-out>
</testsuite> <!-- testScript.TC_001HP -->
